[debug] [2024-12-29T02:49:35.007Z] ----------------------------------------------------------------------
[debug] [2024-12-29T02:49:35.015Z] Command:       C:\Program Files\nodejs\node.exe C:\Users\91630\AppData\Roaming\npm\node_modules\firebase-tools\lib\bin\firebase.js init
[debug] [2024-12-29T02:49:35.016Z] CLI Version:   13.29.1
[debug] [2024-12-29T02:49:35.017Z] Platform:      win32
[debug] [2024-12-29T02:49:35.017Z] Node Version:  v20.17.0
[debug] [2024-12-29T02:49:35.017Z] Time:          Sun Dec 29 2024 08:19:35 GMT+0530 (India Standard Time)
[debug] [2024-12-29T02:49:35.017Z] ----------------------------------------------------------------------
[debug] 
[debug] [2024-12-29T02:49:35.027Z] > command requires scopes: ["email","openid","https://www.googleapis.com/auth/cloudplatformprojects.readonly","https://www.googleapis.com/auth/firebase","https://www.googleapis.com/auth/cloud-platform"]
[debug] [2024-12-29T02:49:35.028Z] > authorizing via signed-in user (manju8nandu996@gmail.com)
[info] 
     ######## #### ########  ######## ########     ###     ######  ########
     ##        ##  ##     ## ##       ##     ##  ##   ##  ##       ##
     ######    ##  ########  ######   ########  #########  ######  ######
     ##        ##  ##    ##  ##       ##     ## ##     ##       ## ##
     ##       #### ##     ## ######## ########  ##     ##  ######  ########

You're about to initialize a Firebase project in this directory:

  D:\Web Development\React_Projects\my-first-app

[info] 
=== Project Setup
[info] 
[info] First, let's associate this project directory with a Firebase project.
[info] You can create multiple project aliases by running firebase use --add, 
[info] but for now we'll just set up a default project.
[info] 
[debug] [2024-12-29T02:50:56.286Z] Checked if tokens are valid: true, expires at: 1735444157104
[debug] [2024-12-29T02:50:56.286Z] Checked if tokens are valid: true, expires at: 1735444157104
[debug] [2024-12-29T02:50:56.293Z] >>> [apiv2][query] GET https://firebase.googleapis.com/v1beta1/projects pageSize=100
[debug] [2024-12-29T02:50:57.843Z] <<< [apiv2][status] GET https://firebase.googleapis.com/v1beta1/projects 200
[debug] [2024-12-29T02:50:57.843Z] <<< [apiv2][body] GET https://firebase.googleapis.com/v1beta1/projects [omitted]
[info] i  Using project netflix-1729 (Netflix) 
[info] 
=== Hosting Setup
[debug] [2024-12-29T02:51:02.284Z] Checked if tokens are valid: true, expires at: 1735444157104
[debug] [2024-12-29T02:51:02.284Z] Checked if tokens are valid: true, expires at: 1735444157104
[debug] [2024-12-29T02:51:02.285Z] >>> [apiv2][query] GET https://firebase.googleapis.com/v1beta1/projects/netflix-1729 [none]
[debug] [2024-12-29T02:51:03.113Z] <<< [apiv2][status] GET https://firebase.googleapis.com/v1beta1/projects/netflix-1729 200
[debug] [2024-12-29T02:51:03.113Z] <<< [apiv2][body] GET https://firebase.googleapis.com/v1beta1/projects/netflix-1729 {"projectId":"netflix-1729","projectNumber":"368431033949","displayName":"Netflix","name":"projects/netflix-1729","resources":{"hostingSite":"netflix-1729"},"state":"ACTIVE","etag":"1_a98a86f5-d2a6-4893-9b31-e3e2b9a9aa65"}
[info] 
[info] Your public directory is the folder (relative to your project directory) that
[info] will contain Hosting assets to be uploaded with firebase deploy. If you
[info] have a build process for your assets, use your build's output directory.
[info] 
[debug] [2024-12-29T02:51:39.950Z] >>> [apiv2][query] GET https://www.gstatic.com/firebasejs/releases.json [none]
[debug] [2024-12-29T02:51:44.242Z] <<< [apiv2][status] GET https://www.gstatic.com/firebasejs/releases.json 200
[debug] [2024-12-29T02:51:44.243Z] <<< [apiv2][body] GET https://www.gstatic.com/firebasejs/releases.json {"current":{"version":"11.1.0","browserURL":"https://www.gstatic.com/firebasejs/11.1.0/firebase.js","packageURL":"https://www.gstatic.com/firebasejs/11.1.0/firebase.tgz"},"live":{"version":"11.1","browserURL":"https://www.gstatic.com/firebasejs/live/11.1/firebase.js","packageURL":"https://www.gstatic.com/firebasejs/live/11.1/firebase.tgz"},"components":{"analytics":"https://www.gstatic.com/firebasejs/11.1.0/firebase-analytics.js","app":"https://www.gstatic.com/firebasejs/11.1.0/firebase-app.js","app-check":"https://www.gstatic.com/firebasejs/11.1.0/firebase-app-check.js","auth":"https://www.gstatic.com/firebasejs/11.1.0/firebase-auth.js","auth/cordova":"https://www.gstatic.com/firebasejs/11.1.0/firebase-auth/cordova.js","auth/web-extension":"https://www.gstatic.com/firebasejs/11.1.0/firebase-auth/web-extension.js","functions":"https://www.gstatic.com/firebasejs/11.1.0/firebase-functions.js","firestore":"https://www.gstatic.com/firebasejs/11.1.0/firebase-firestore.js","firestore/lite":"https://www.gstatic.com/firebasejs/11.1.0/firebase-firestore/lite.js","installations":"https://www.gstatic.com/firebasejs/11.1.0/firebase-installations.js","storage":"https://www.gstatic.com/firebasejs/11.1.0/firebase-storage.js","performance":"https://www.gstatic.com/firebasejs/11.1.0/firebase-performance.js","remote-config":"https://www.gstatic.com/firebasejs/11.1.0/firebase-remote-config.js","messaging":"https://www.gstatic.com/firebasejs/11.1.0/firebase-messaging.js","messaging/sw":"https://www.gstatic.com/firebasejs/11.1.0/firebase-messaging/sw.js","database":"https://www.gstatic.com/firebasejs/11.1.0/firebase-database.js","vertexai":"https://www.gstatic.com/firebasejs/11.1.0/firebase-vertexai.js","data-connect":"https://www.gstatic.com/firebasejs/11.1.0/firebase-data-connect.js","firestore.memory":"https://www.gstatic.com/firebasejs/11.1.0/firebase-firestore.memory.js"}}
[info] +  Wrote public/index.html 
[info] 
[info] i  Didn't detect a .git folder. Assuming D:\Web Development\React_Projects\my-first-app is the project root. 
[info] i  Authorizing with GitHub to upload your service account to a GitHub repository's secrets store. 
[info] 
[info] Visit this URL on this device to log in:
[info] https://github.com/login/oauth/authorize?client_id=89cf50f02ac6aaed3484&state=826386904&redirect_uri=http%3A%2F%2Flocalhost%3A9005&scope=read%3Auser%20repo%20public_repo
[info] 
[info] Waiting for authentication...
[debug] [2024-12-29T02:53:05.531Z] >>> [apiv2][query] POST https://github.com/login/oauth/access_token [none]
[debug] [2024-12-29T02:53:05.531Z] >>> [apiv2][body] POST https://github.com/login/oauth/access_token [stream]
[debug] [2024-12-29T02:53:06.154Z] <<< [apiv2][status] POST https://github.com/login/oauth/access_token 200
[debug] [2024-12-29T02:53:06.155Z] <<< [apiv2][body] POST https://github.com/login/oauth/access_token {"access_token":"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","token_type":"bearer","scope":"read:user,repo"}
[debug] [2024-12-29T02:53:06.164Z] >>> [apiv2][query] GET https://api.github.com/user [none]
[debug] [2024-12-29T02:53:06.789Z] <<< [apiv2][status] GET https://api.github.com/user 200
[debug] [2024-12-29T02:53:06.789Z] <<< [apiv2][body] GET https://api.github.com/user {"login":"Manjunatha1729","id":138214590,"node_id":"U_kgDOCDz8vg","avatar_url":"https://avatars.githubusercontent.com/u/138214590?v=4","gravatar_id":"","url":"https://api.github.com/users/Manjunatha1729","html_url":"https://github.com/Manjunatha1729","followers_url":"https://api.github.com/users/Manjunatha1729/followers","following_url":"https://api.github.com/users/Manjunatha1729/following{/other_user}","gists_url":"https://api.github.com/users/Manjunatha1729/gists{/gist_id}","starred_url":"https://api.github.com/users/Manjunatha1729/starred{/owner}{/repo}","subscriptions_url":"https://api.github.com/users/Manjunatha1729/subscriptions","organizations_url":"https://api.github.com/users/Manjunatha1729/orgs","repos_url":"https://api.github.com/users/Manjunatha1729/repos","events_url":"https://api.github.com/users/Manjunatha1729/events{/privacy}","received_events_url":"https://api.github.com/users/Manjunatha1729/received_events","type":"User","user_view_type":"private","site_admin":false,"name":"B.Manjunatha","company":null,"blog":"","location":"Tirupati ","email":null,"hireable":null,"bio":null,"twitter_username":null,"notification_email":null,"public_repos":11,"public_gists":0,"followers":1,"following":2,"created_at":"2023-06-30T11:02:50Z","updated_at":"2024-12-03T14:06:48Z","private_gists":0,"total_private_repos":1,"owned_private_repos":1,"disk_usage":58258,"collaborators":0,"two_factor_authentication":false,"plan":{"name":"pro","space":976562499,"collaborators":0,"private_repos":9999}}
[info] 
[info] +  Success! Logged into GitHub as Manjunatha1729 
[info] 
